#! /usr/bin/vvp
:ivl_version "11.0 (stable)";
:ivl_delay_selection "TYPICAL";
:vpi_time_precision - 12;
:vpi_module "/usr/lib/x86_64-linux-gnu/ivl/system.vpi";
:vpi_module "/usr/lib/x86_64-linux-gnu/ivl/vhdl_sys.vpi";
:vpi_module "/usr/lib/x86_64-linux-gnu/ivl/vhdl_textio.vpi";
:vpi_module "/usr/lib/x86_64-linux-gnu/ivl/v2005_math.vpi";
:vpi_module "/usr/lib/x86_64-linux-gnu/ivl/va_math.vpi";
S_0x5635d3c10690 .scope module, "tb_Dh_cal" "tb_Dh_cal" 2 3;
 .timescale -9 -12;
P_0x5635d3bbec40 .param/l "CLK_PERIOD" 0 2 8, +C4<00000000000000000000000000001010>;
P_0x5635d3bbec80 .param/l "HQ_COLS" 0 2 12, +C4<00000000000000000000000000100000>;
P_0x5635d3bbecc0 .param/str "HQ_IMAG_FILE" 0 2 16, "Hq_imag_gold_Q8_8.hex";
P_0x5635d3bbed00 .param/str "HQ_REAL_FILE" 0 2 15, "Hq_real_gold_Q8_8.hex";
P_0x5635d3bbed40 .param/l "HQ_ROWS" 0 2 11, +C4<00000000000000000000000000000100>;
P_0x5635d3bbed80 .param/l "N" 0 2 7, +C4<00000000000000000000000000010000>;
P_0x5635d3bbedc0 .param/l "Q" 0 2 6, +C4<00000000000000000000000000001000>;
v0x5635d3c47ab0_0 .var "Dh_en", 0 0;
v0x5635d3c47b70_0 .net/s "Dh_out", 15 0, v0x5635d3c45bf0_0;  1 drivers
v0x5635d3c47c40_0 .net "Dh_result_valid", 0 0, v0x5635d3c45cd0_0;  1 drivers
v0x5635d3c47d40_0 .var "clk", 0 0;
v0x5635d3c47e10 .array/s "hq_stim_i", 127 0, 15 0;
v0x5635d3c47f00 .array/s "hq_stim_r", 127 0, 15 0;
v0x5635d3c47fa0_0 .var/s "in_im", 15 0;
v0x5635d3c48040_0 .var/s "in_real", 15 0;
v0x5635d3c480e0_0 .var "rst", 0 0;
S_0x5635d3bbccf0 .scope module, "dut" "Dh_cal" 2 34, 3 9 0, S_0x5635d3c10690;
 .timescale -9 -12;
    .port_info 0 /INPUT 1 "clk";
    .port_info 1 /INPUT 1 "rst";
    .port_info 2 /INPUT 1 "Dh_en";
    .port_info 3 /INPUT 16 "in_real";
    .port_info 4 /INPUT 16 "in_im";
    .port_info 5 /OUTPUT 16 "Dh_out";
    .port_info 6 /OUTPUT 1 "Dh_result_valid";
P_0x5635d3bbe620 .param/l "ACC_WIDTH" 1 3 25, +C4<00000000000000000000000000000000000000000000000000000000000100011>;
P_0x5635d3bbe660 .param/l "N" 0 3 11, +C4<00000000000000000000000000010000>;
P_0x5635d3bbe6a0 .param/l "Q" 0 3 10, +C4<00000000000000000000000000001000>;
L_0x5635d3c21440 .functor BUFZ 1, v0x5635d3c45cd0_0, C4<0>, C4<0>, C4<0>;
v0x5635d3c45b10_0 .net "Dh_en", 0 0, v0x5635d3c47ab0_0;  1 drivers
v0x5635d3c45bf0_0 .var/s "Dh_out", 15 0;
v0x5635d3c45cd0_0 .var "Dh_result_valid", 0 0;
v0x5635d3c45d70_0 .net/s "SoP", 16 0, L_0x5635d3c59690;  1 drivers
v0x5635d3c45e50_0 .net/s *"_ivl_0", 16 0, L_0x5635d3c59550;  1 drivers
v0x5635d3c45f30_0 .net/s *"_ivl_2", 16 0, L_0x5635d3c595f0;  1 drivers
v0x5635d3c46010_0 .net "clk", 0 0, v0x5635d3c47d40_0;  1 drivers
v0x5635d3c460d0_0 .var "dh_count", 2 0;
v0x5635d3c461b0_0 .var/s "dh_reg", 34 0;
v0x5635d3c46290_0 .net/s "in_im", 15 0, v0x5635d3c47fa0_0;  1 drivers
v0x5635d3c46350_0 .net/s "in_real", 15 0, v0x5635d3c48040_0;  1 drivers
v0x5635d3c46460_0 .net "internal_clear", 0 0, L_0x5635d3c21440;  1 drivers
v0x5635d3c46520_0 .net "ovr_multi", 0 0, v0x5635d3c44260_0;  1 drivers
v0x5635d3c465c0_0 .net "ovr_multr", 0 0, v0x5635d3c45540_0;  1 drivers
v0x5635d3c46660_0 .net/s "product_i", 15 0, v0x5635d3c44320_0;  1 drivers
v0x5635d3c46700_0 .net/s "product_r", 15 0, v0x5635d3c45600_0;  1 drivers
v0x5635d3c467d0_0 .net "rst", 0 0, v0x5635d3c480e0_0;  1 drivers
E_0x5635d3c09a60 .event posedge, v0x5635d3c467d0_0, v0x5635d3c46010_0;
L_0x5635d3c59550 .extend/s 17, v0x5635d3c45600_0;
L_0x5635d3c595f0 .extend/s 17, v0x5635d3c44320_0;
L_0x5635d3c59690 .arith/sum 17, L_0x5635d3c59550, L_0x5635d3c595f0;
S_0x5635d3c072e0 .scope module, "qmult_im" "qmult" 3 46, 4 2 0, S_0x5635d3bbccf0;
 .timescale -9 -12;
    .port_info 0 /INPUT 16 "i_multiplicand";
    .port_info 1 /INPUT 16 "i_multiplier";
    .port_info 2 /OUTPUT 16 "o_result";
    .port_info 3 /OUTPUT 1 "ovr";
P_0x5635d3c23e90 .param/l "N" 0 4 5, +C4<00000000000000000000000000010000>;
P_0x5635d3c23ed0 .param/l "Q" 0 4 4, +C4<00000000000000000000000000001000>;
v0x5635d3bf5ac0_0 .net *"_ivl_11", 0 0, L_0x5635d3c58e70;  1 drivers
L_0x7f0c6041c0f0 .functor BUFT 1, C4<0000000000000000>, C4<0>, C4<0>, C4<0>;
v0x5635d3c24c60_0 .net *"_ivl_12", 15 0, L_0x7f0c6041c0f0;  1 drivers
v0x5635d3c24ff0_0 .net *"_ivl_15", 15 0, L_0x5635d3c58f40;  1 drivers
v0x5635d3bf3780_0 .net/s *"_ivl_18", 31 0, L_0x5635d3c591e0;  1 drivers
v0x5635d3c169e0_0 .net/s *"_ivl_20", 31 0, L_0x5635d3c592d0;  1 drivers
v0x5635d3c21a80_0 .net *"_ivl_3", 0 0, L_0x5635d3c58bf0;  1 drivers
L_0x7f0c6041c0a8 .functor BUFT 1, C4<0000000000000000>, C4<0>, C4<0>, C4<0>;
v0x5635d3c22a80_0 .net *"_ivl_4", 15 0, L_0x7f0c6041c0a8;  1 drivers
v0x5635d3c43e60_0 .net *"_ivl_7", 15 0, L_0x5635d3c58c90;  1 drivers
v0x5635d3c43f40_0 .net/s "i_multiplicand", 15 0, v0x5635d3c47fa0_0;  alias, 1 drivers
v0x5635d3c44020_0 .net/s "i_multiplier", 15 0, v0x5635d3c47fa0_0;  alias, 1 drivers
v0x5635d3c440e0_0 .var "is_signed", 0 0;
v0x5635d3c44180_0 .net/s "o_result", 15 0, v0x5635d3c44320_0;  alias, 1 drivers
v0x5635d3c44260_0 .var "ovr", 0 0;
v0x5635d3c44320_0 .var/s "r_RetVal", 15 0;
v0x5635d3c44400_0 .net/s "r_result", 31 0, L_0x5635d3c59410;  1 drivers
v0x5635d3c444e0_0 .var/s "temp_RetVal", 15 0;
v0x5635d3c445c0_0 .net/s "temp_meltiplier", 15 0, L_0x5635d3c59060;  1 drivers
v0x5635d3c446a0_0 .net/s "temp_multiplicand", 15 0, L_0x5635d3c58d30;  1 drivers
E_0x5635d3c07ec0 .event edge, v0x5635d3c44400_0;
L_0x5635d3c58bf0 .part v0x5635d3c47fa0_0, 15, 1;
L_0x5635d3c58c90 .arith/sub 16, L_0x7f0c6041c0a8, v0x5635d3c47fa0_0;
L_0x5635d3c58d30 .functor MUXZ 16, v0x5635d3c47fa0_0, L_0x5635d3c58c90, L_0x5635d3c58bf0, C4<>;
L_0x5635d3c58e70 .part v0x5635d3c47fa0_0, 15, 1;
L_0x5635d3c58f40 .arith/sub 16, L_0x7f0c6041c0f0, v0x5635d3c47fa0_0;
L_0x5635d3c59060 .functor MUXZ 16, v0x5635d3c47fa0_0, L_0x5635d3c58f40, L_0x5635d3c58e70, C4<>;
L_0x5635d3c591e0 .extend/s 32, L_0x5635d3c59060;
L_0x5635d3c592d0 .extend/s 32, L_0x5635d3c58d30;
L_0x5635d3c59410 .arith/mult 32, L_0x5635d3c591e0, L_0x5635d3c592d0;
S_0x5635d3c44800 .scope module, "qmult_real" "qmult" 3 39, 4 2 0, S_0x5635d3bbccf0;
 .timescale -9 -12;
    .port_info 0 /INPUT 16 "i_multiplicand";
    .port_info 1 /INPUT 16 "i_multiplier";
    .port_info 2 /OUTPUT 16 "o_result";
    .port_info 3 /OUTPUT 1 "ovr";
P_0x5635d3c23e00 .param/l "N" 0 4 5, +C4<00000000000000000000000000010000>;
P_0x5635d3c23e40 .param/l "Q" 0 4 4, +C4<00000000000000000000000000001000>;
v0x5635d3c44aa0_0 .net *"_ivl_11", 0 0, L_0x5635d3c584c0;  1 drivers
L_0x7f0c6041c060 .functor BUFT 1, C4<0000000000000000>, C4<0>, C4<0>, C4<0>;
v0x5635d3c44ba0_0 .net *"_ivl_12", 15 0, L_0x7f0c6041c060;  1 drivers
v0x5635d3c44c80_0 .net *"_ivl_15", 15 0, L_0x5635d3c58590;  1 drivers
v0x5635d3c44d70_0 .net/s *"_ivl_18", 31 0, L_0x5635d3c58830;  1 drivers
v0x5635d3c44e50_0 .net/s *"_ivl_20", 31 0, L_0x5635d3c58920;  1 drivers
v0x5635d3c44f80_0 .net *"_ivl_3", 0 0, L_0x5635d3c48180;  1 drivers
L_0x7f0c6041c018 .functor BUFT 1, C4<0000000000000000>, C4<0>, C4<0>, C4<0>;
v0x5635d3c45060_0 .net *"_ivl_4", 15 0, L_0x7f0c6041c018;  1 drivers
v0x5635d3c45140_0 .net *"_ivl_7", 15 0, L_0x5635d3c582b0;  1 drivers
v0x5635d3c45220_0 .net/s "i_multiplicand", 15 0, v0x5635d3c48040_0;  alias, 1 drivers
v0x5635d3c45300_0 .net/s "i_multiplier", 15 0, v0x5635d3c48040_0;  alias, 1 drivers
v0x5635d3c453c0_0 .var "is_signed", 0 0;
v0x5635d3c45460_0 .net/s "o_result", 15 0, v0x5635d3c45600_0;  alias, 1 drivers
v0x5635d3c45540_0 .var "ovr", 0 0;
v0x5635d3c45600_0 .var/s "r_RetVal", 15 0;
v0x5635d3c456e0_0 .net/s "r_result", 31 0, L_0x5635d3c58a60;  1 drivers
v0x5635d3c457c0_0 .var/s "temp_RetVal", 15 0;
v0x5635d3c458a0_0 .net/s "temp_meltiplier", 15 0, L_0x5635d3c586b0;  1 drivers
v0x5635d3c45980_0 .net/s "temp_multiplicand", 15 0, L_0x5635d3c58380;  1 drivers
E_0x5635d3c09380 .event edge, v0x5635d3c456e0_0;
L_0x5635d3c48180 .part v0x5635d3c48040_0, 15, 1;
L_0x5635d3c582b0 .arith/sub 16, L_0x7f0c6041c018, v0x5635d3c48040_0;
L_0x5635d3c58380 .functor MUXZ 16, v0x5635d3c48040_0, L_0x5635d3c582b0, L_0x5635d3c48180, C4<>;
L_0x5635d3c584c0 .part v0x5635d3c48040_0, 15, 1;
L_0x5635d3c58590 .arith/sub 16, L_0x7f0c6041c060, v0x5635d3c48040_0;
L_0x5635d3c586b0 .functor MUXZ 16, v0x5635d3c48040_0, L_0x5635d3c58590, L_0x5635d3c584c0, C4<>;
L_0x5635d3c58830 .extend/s 32, L_0x5635d3c586b0;
L_0x5635d3c58920 .extend/s 32, L_0x5635d3c58380;
L_0x5635d3c58a60 .arith/mult 32, L_0x5635d3c58830, L_0x5635d3c58920;
S_0x5635d3c46930 .scope task, "initialize_signals" "initialize_signals" 2 79, 2 79 0, S_0x5635d3c10690;
 .timescale -9 -12;
TD_tb_Dh_cal.initialize_signals ;
    %pushi/vec4 0, 0, 1;
    %store/vec4 v0x5635d3c47ab0_0, 0, 1;
    %pushi/vec4 0, 0, 16;
    %store/vec4 v0x5635d3c48040_0, 0, 16;
    %pushi/vec4 0, 0, 16;
    %store/vec4 v0x5635d3c47fa0_0, 0, 16;
    %end;
S_0x5635d3c46b30 .scope task, "read_hq_files" "read_hq_files" 2 97, 2 97 0, S_0x5635d3c10690;
 .timescale -9 -12;
v0x5635d3c46d40_0 .var/i "dummy", 31 0;
v0x5635d3c46e00_0 .var/i "fd_imag", 31 0;
v0x5635d3c46ee0_0 .var/i "fd_real", 31 0;
v0x5635d3c46fd0_0 .var/i "i", 31 0;
v0x5635d3c470b0_0 .var/i "j", 31 0;
v0x5635d3c471e0_0 .var/s "temp_data", 15 0;
TD_tb_Dh_cal.read_hq_files ;
    %vpi_func 2 102 "$fopen" 32, P_0x5635d3bbed00, "r" {0 0 0};
    %store/vec4 v0x5635d3c46ee0_0, 0, 32;
    %vpi_func 2 103 "$fopen" 32, P_0x5635d3bbecc0, "r" {0 0 0};
    %store/vec4 v0x5635d3c46e00_0, 0, 32;
    %load/vec4 v0x5635d3c46ee0_0;
    %cmpi/e 0, 0, 32;
    %flag_mov 8, 4;
    %load/vec4 v0x5635d3c46e00_0;
    %cmpi/e 0, 0, 32;
    %flag_or 4, 8;
    %jmp/0xz  T_1.0, 4;
    %vpi_call 2 106 "$display", "ERROR: Could not open one or both Hq stimulus files." {0 0 0};
    %vpi_call 2 107 "$finish" {0 0 0};
T_1.0 ;
    %vpi_call 2 111 "$display", "Reading REAL stimulus file..." {0 0 0};
    %pushi/vec4 0, 0, 32;
    %store/vec4 v0x5635d3c470b0_0, 0, 32;
T_1.2 ;
    %load/vec4 v0x5635d3c470b0_0;
    %cmpi/s 32, 0, 32;
    %jmp/0xz T_1.3, 5;
    %pushi/vec4 0, 0, 32;
    %store/vec4 v0x5635d3c46fd0_0, 0, 32;
T_1.4 ;
    %load/vec4 v0x5635d3c46fd0_0;
    %cmpi/s 4, 0, 32;
    %jmp/0xz T_1.5, 5;
    %vpi_func 2 114 "$fscanf" 32, v0x5635d3c46ee0_0, "%h", v0x5635d3c471e0_0 {0 0 0};
    %store/vec4 v0x5635d3c46d40_0, 0, 32;
    %load/vec4 v0x5635d3c471e0_0;
    %load/vec4 v0x5635d3c46fd0_0;
    %pad/s 38;
    %pad/s 43;
    %muli 32, 0, 43;
    %pad/s 44;
    %load/vec4 v0x5635d3c470b0_0;
    %pad/s 44;
    %add;
    %ix/vec4/s 4;
    %store/vec4a v0x5635d3c47f00, 4, 0;
    %load/vec4 v0x5635d3c46fd0_0;
    %addi 1, 0, 32;
    %store/vec4 v0x5635d3c46fd0_0, 0, 32;
    %jmp T_1.4;
T_1.5 ;
    %load/vec4 v0x5635d3c470b0_0;
    %addi 1, 0, 32;
    %store/vec4 v0x5635d3c470b0_0, 0, 32;
    %jmp T_1.2;
T_1.3 ;
    %vpi_call 2 118 "$fclose", v0x5635d3c46ee0_0 {0 0 0};
    %vpi_call 2 121 "$display", "Reading IMAGINARY stimulus file..." {0 0 0};
    %pushi/vec4 0, 0, 32;
    %store/vec4 v0x5635d3c470b0_0, 0, 32;
T_1.6 ;
    %load/vec4 v0x5635d3c470b0_0;
    %cmpi/s 32, 0, 32;
    %jmp/0xz T_1.7, 5;
    %pushi/vec4 0, 0, 32;
    %store/vec4 v0x5635d3c46fd0_0, 0, 32;
T_1.8 ;
    %load/vec4 v0x5635d3c46fd0_0;
    %cmpi/s 4, 0, 32;
    %jmp/0xz T_1.9, 5;
    %vpi_func 2 124 "$fscanf" 32, v0x5635d3c46e00_0, "%h", v0x5635d3c471e0_0 {0 0 0};
    %store/vec4 v0x5635d3c46d40_0, 0, 32;
    %load/vec4 v0x5635d3c471e0_0;
    %load/vec4 v0x5635d3c46fd0_0;
    %pad/s 38;
    %pad/s 43;
    %muli 32, 0, 43;
    %pad/s 44;
    %load/vec4 v0x5635d3c470b0_0;
    %pad/s 44;
    %add;
    %ix/vec4/s 4;
    %store/vec4a v0x5635d3c47e10, 4, 0;
    %load/vec4 v0x5635d3c46fd0_0;
    %addi 1, 0, 32;
    %store/vec4 v0x5635d3c46fd0_0, 0, 32;
    %jmp T_1.8;
T_1.9 ;
    %load/vec4 v0x5635d3c470b0_0;
    %addi 1, 0, 32;
    %store/vec4 v0x5635d3c470b0_0, 0, 32;
    %jmp T_1.6;
T_1.7 ;
    %vpi_call 2 128 "$fclose", v0x5635d3c46e00_0 {0 0 0};
    %vpi_call 2 130 "$display", "Finished reading all Hq stimulus files into memory." {0 0 0};
    %end;
S_0x5635d3c472c0 .scope task, "reset_dut" "reset_dut" 2 87, 2 87 0, S_0x5635d3c10690;
 .timescale -9 -12;
TD_tb_Dh_cal.reset_dut ;
    %pushi/vec4 1, 0, 1;
    %store/vec4 v0x5635d3c480e0_0, 0, 1;
    %delay 20000, 0;
    %pushi/vec4 0, 0, 1;
    %store/vec4 v0x5635d3c480e0_0, 0, 1;
    %delay 20000, 0;
    %end;
S_0x5635d3c474a0 .scope task, "run_one_dh_calculation" "run_one_dh_calculation" 2 136, 2 136 0, S_0x5635d3c10690;
 .timescale -9 -12;
v0x5635d3c47730_0 .var/i "col1_idx", 31 0;
v0x5635d3c47830_0 .var/i "col2_idx", 31 0;
v0x5635d3c47910_0 .var/i "i", 31 0;
v0x5635d3c479d0_0 .var "q_idx", 3 0;
E_0x5635d3c09c00 .event posedge, v0x5635d3c46010_0;
E_0x5635d3c25250 .event edge, v0x5635d3c45cd0_0;
TD_tb_Dh_cal.run_one_dh_calculation ;
    %vpi_call 2 141 "$display", "\012--- Running Test for Dh_%0d ---", v0x5635d3c479d0_0 {0 0 0};
    %load/vec4 v0x5635d3c479d0_0;
    %pad/u 32;
    %muli 2, 0, 32;
    %store/vec4 v0x5635d3c47730_0, 0, 32;
    %load/vec4 v0x5635d3c479d0_0;
    %pad/u 32;
    %muli 2, 0, 32;
    %addi 1, 0, 32;
    %store/vec4 v0x5635d3c47830_0, 0, 32;
    %vpi_call 2 150 "$display", "Feeding Hq column %0d data...", v0x5635d3c47730_0 {0 0 0};
    %pushi/vec4 0, 0, 32;
    %store/vec4 v0x5635d3c47910_0, 0, 32;
T_3.10 ;
    %load/vec4 v0x5635d3c47910_0;
    %cmpi/s 4, 0, 32;
    %jmp/0xz T_3.11, 5;
    %pushi/vec4 1, 0, 1;
    %store/vec4 v0x5635d3c47ab0_0, 0, 1;
    %load/vec4 v0x5635d3c47910_0;
    %pad/s 38;
    %pad/s 43;
    %muli 32, 0, 43;
    %pad/s 44;
    %load/vec4 v0x5635d3c47730_0;
    %pad/s 44;
    %add;
    %ix/vec4/s 4;
    %load/vec4a v0x5635d3c47f00, 4;
    %store/vec4 v0x5635d3c48040_0, 0, 16;
    %load/vec4 v0x5635d3c47910_0;
    %pad/s 38;
    %pad/s 43;
    %muli 32, 0, 43;
    %pad/s 44;
    %load/vec4 v0x5635d3c47730_0;
    %pad/s 44;
    %add;
    %ix/vec4/s 4;
    %load/vec4a v0x5635d3c47e10, 4;
    %store/vec4 v0x5635d3c47fa0_0, 0, 16;
    %wait E_0x5635d3c09c00;
    %pushi/vec4 0, 0, 1;
    %store/vec4 v0x5635d3c47ab0_0, 0, 1;
    %load/vec4 v0x5635d3c47910_0;
    %addi 1, 0, 32;
    %store/vec4 v0x5635d3c47910_0, 0, 32;
    %jmp T_3.10;
T_3.11 ;
    %vpi_call 2 159 "$display", "Feeding Hq column %0d data...", v0x5635d3c47830_0 {0 0 0};
    %pushi/vec4 0, 0, 32;
    %store/vec4 v0x5635d3c47910_0, 0, 32;
T_3.12 ;
    %load/vec4 v0x5635d3c47910_0;
    %cmpi/s 4, 0, 32;
    %jmp/0xz T_3.13, 5;
    %pushi/vec4 1, 0, 1;
    %store/vec4 v0x5635d3c47ab0_0, 0, 1;
    %load/vec4 v0x5635d3c47910_0;
    %pad/s 38;
    %pad/s 43;
    %muli 32, 0, 43;
    %pad/s 44;
    %load/vec4 v0x5635d3c47830_0;
    %pad/s 44;
    %add;
    %ix/vec4/s 4;
    %load/vec4a v0x5635d3c47f00, 4;
    %store/vec4 v0x5635d3c48040_0, 0, 16;
    %load/vec4 v0x5635d3c47910_0;
    %pad/s 38;
    %pad/s 43;
    %muli 32, 0, 43;
    %pad/s 44;
    %load/vec4 v0x5635d3c47830_0;
    %pad/s 44;
    %add;
    %ix/vec4/s 4;
    %load/vec4a v0x5635d3c47e10, 4;
    %store/vec4 v0x5635d3c47fa0_0, 0, 16;
    %wait E_0x5635d3c09c00;
    %pushi/vec4 0, 0, 1;
    %store/vec4 v0x5635d3c47ab0_0, 0, 1;
    %load/vec4 v0x5635d3c47910_0;
    %addi 1, 0, 32;
    %store/vec4 v0x5635d3c47910_0, 0, 32;
    %jmp T_3.12;
T_3.13 ;
    %vpi_call 2 170 "$display", "Waiting for DUT result..." {0 0 0};
T_3.14 ;
    %load/vec4 v0x5635d3c47c40_0;
    %cmpi/ne 1, 0, 1;
    %jmp/0xz T_3.15, 6;
    %wait E_0x5635d3c25250;
    %jmp T_3.14;
T_3.15 ;
    %load/vec4 v0x5635d3c47b70_0;
    %cvt/rv/s;
    %pushi/real 1073741824, 4074; load=256.000
    %div/wr;
    %vpi_call 2 174 "$display", ">>> DUT Result for Dh_%0d = %h (%f)", v0x5635d3c479d0_0, v0x5635d3c47b70_0, W<0,r> {0 1 0};
    %wait E_0x5635d3c09c00;
    %end;
    .scope S_0x5635d3c44800;
T_4 ;
    %wait E_0x5635d3c09380;
    %load/vec4 v0x5635d3c45220_0;
    %parti/s 1, 15, 5;
    %load/vec4 v0x5635d3c45300_0;
    %parti/s 1, 15, 5;
    %xor;
    %store/vec4 v0x5635d3c453c0_0, 0, 1;
    %load/vec4 v0x5635d3c456e0_0;
    %parti/s 15, 8, 5;
    %ix/load 4, 0, 0;
    %flag_set/imm 4, 0;
    %store/vec4 v0x5635d3c457c0_0, 4, 15;
    %pushi/vec4 0, 0, 1;
    %ix/load 4, 15, 0;
    %flag_set/imm 4, 0;
    %store/vec4 v0x5635d3c457c0_0, 4, 1;
    %load/vec4 v0x5635d3c453c0_0;
    %flag_set/vec4 8;
    %jmp/0 T_4.0, 8;
    %load/vec4 v0x5635d3c457c0_0;
    %inv;
    %pushi/vec4 1, 0, 16;
    %add;
    %jmp/1 T_4.1, 8;
T_4.0 ; End of true expr.
    %load/vec4 v0x5635d3c457c0_0;
    %jmp/0 T_4.1, 8;
 ; End of false expr.
    %blend;
T_4.1;
    %store/vec4 v0x5635d3c45600_0, 0, 16;
    %load/vec4 v0x5635d3c456e0_0;
    %parti/s 8, 23, 6;
    %or/r;
    %store/vec4 v0x5635d3c45540_0, 0, 1;
    %jmp T_4;
    .thread T_4, $push;
    .scope S_0x5635d3c072e0;
T_5 ;
    %wait E_0x5635d3c07ec0;
    %load/vec4 v0x5635d3c43f40_0;
    %parti/s 1, 15, 5;
    %load/vec4 v0x5635d3c44020_0;
    %parti/s 1, 15, 5;
    %xor;
    %store/vec4 v0x5635d3c440e0_0, 0, 1;
    %load/vec4 v0x5635d3c44400_0;
    %parti/s 15, 8, 5;
    %ix/load 4, 0, 0;
    %flag_set/imm 4, 0;
    %store/vec4 v0x5635d3c444e0_0, 4, 15;
    %pushi/vec4 0, 0, 1;
    %ix/load 4, 15, 0;
    %flag_set/imm 4, 0;
    %store/vec4 v0x5635d3c444e0_0, 4, 1;
    %load/vec4 v0x5635d3c440e0_0;
    %flag_set/vec4 8;
    %jmp/0 T_5.0, 8;
    %load/vec4 v0x5635d3c444e0_0;
    %inv;
    %pushi/vec4 1, 0, 16;
    %add;
    %jmp/1 T_5.1, 8;
T_5.0 ; End of true expr.
    %load/vec4 v0x5635d3c444e0_0;
    %jmp/0 T_5.1, 8;
 ; End of false expr.
    %blend;
T_5.1;
    %store/vec4 v0x5635d3c44320_0, 0, 16;
    %load/vec4 v0x5635d3c44400_0;
    %parti/s 8, 23, 6;
    %or/r;
    %store/vec4 v0x5635d3c44260_0, 0, 1;
    %jmp T_5;
    .thread T_5, $push;
    .scope S_0x5635d3bbccf0;
T_6 ;
    %wait E_0x5635d3c09a60;
    %load/vec4 v0x5635d3c467d0_0;
    %flag_set/vec4 8;
    %jmp/0xz  T_6.0, 8;
    %pushi/vec4 0, 0, 35;
    %assign/vec4 v0x5635d3c461b0_0, 0;
    %pushi/vec4 0, 0, 3;
    %assign/vec4 v0x5635d3c460d0_0, 0;
    %jmp T_6.1;
T_6.0 ;
    %load/vec4 v0x5635d3c46460_0;
    %flag_set/vec4 8;
    %jmp/0xz  T_6.2, 8;
    %pushi/vec4 0, 0, 35;
    %assign/vec4 v0x5635d3c461b0_0, 0;
    %pushi/vec4 0, 0, 3;
    %assign/vec4 v0x5635d3c460d0_0, 0;
    %jmp T_6.3;
T_6.2 ;
    %load/vec4 v0x5635d3c45b10_0;
    %flag_set/vec4 8;
    %jmp/0xz  T_6.4, 8;
    %load/vec4 v0x5635d3c461b0_0;
    %load/vec4 v0x5635d3c45d70_0;
    %parti/s 1, 16, 6;
    %replicate 18;
    %load/vec4 v0x5635d3c45d70_0;
    %concat/vec4; draw_concat_vec4
    %add;
    %assign/vec4 v0x5635d3c461b0_0, 0;
    %load/vec4 v0x5635d3c460d0_0;
    %addi 1, 0, 3;
    %assign/vec4 v0x5635d3c460d0_0, 0;
T_6.4 ;
T_6.3 ;
T_6.1 ;
    %jmp T_6;
    .thread T_6;
    .scope S_0x5635d3bbccf0;
T_7 ;
    %wait E_0x5635d3c09a60;
    %load/vec4 v0x5635d3c467d0_0;
    %flag_set/vec4 8;
    %jmp/0xz  T_7.0, 8;
    %pushi/vec4 0, 0, 1;
    %assign/vec4 v0x5635d3c45cd0_0, 0;
    %pushi/vec4 0, 0, 16;
    %assign/vec4 v0x5635d3c45bf0_0, 0;
    %jmp T_7.1;
T_7.0 ;
    %load/vec4 v0x5635d3c460d0_0;
    %cmpi/e 7, 0, 3;
    %jmp/0xz  T_7.2, 4;
    %pushi/vec4 1, 0, 1;
    %assign/vec4 v0x5635d3c45cd0_0, 0;
    %load/vec4 v0x5635d3c461b0_0;
    %load/vec4 v0x5635d3c45d70_0;
    %parti/s 1, 16, 6;
    %replicate 18;
    %load/vec4 v0x5635d3c45d70_0;
    %concat/vec4; draw_concat_vec4
    %add;
    %pad/u 16;
    %assign/vec4 v0x5635d3c45bf0_0, 0;
    %jmp T_7.3;
T_7.2 ;
    %pushi/vec4 0, 0, 1;
    %assign/vec4 v0x5635d3c45cd0_0, 0;
T_7.3 ;
T_7.1 ;
    %jmp T_7;
    .thread T_7;
    .scope S_0x5635d3c10690;
T_8 ;
    %delay 5000, 0;
    %load/vec4 v0x5635d3c47d40_0;
    %inv;
    %store/vec4 v0x5635d3c47d40_0, 0, 1;
    %jmp T_8;
    .thread T_8;
    .scope S_0x5635d3c10690;
T_9 ;
    %vpi_call 2 51 "$dumpfile", "tb_dh_cal.vcd" {0 0 0};
    %vpi_call 2 52 "$dumpvars", 32'sb00000000000000000000000000000000, S_0x5635d3c10690 {0 0 0};
    %pushi/vec4 0, 0, 1;
    %store/vec4 v0x5635d3c47d40_0, 0, 1;
    %fork TD_tb_Dh_cal.initialize_signals, S_0x5635d3c46930;
    %join;
    %fork TD_tb_Dh_cal.reset_dut, S_0x5635d3c472c0;
    %join;
    %fork TD_tb_Dh_cal.read_hq_files, S_0x5635d3c46b30;
    %join;
    %pushi/vec4 0, 0, 4;
    %store/vec4 v0x5635d3c479d0_0, 0, 4;
    %fork TD_tb_Dh_cal.run_one_dh_calculation, S_0x5635d3c474a0;
    %join;
    %wait E_0x5635d3c09c00;
    %pushi/vec4 1, 0, 4;
    %store/vec4 v0x5635d3c479d0_0, 0, 4;
    %fork TD_tb_Dh_cal.run_one_dh_calculation, S_0x5635d3c474a0;
    %join;
    %wait E_0x5635d3c09c00;
    %pushi/vec4 2, 0, 4;
    %store/vec4 v0x5635d3c479d0_0, 0, 4;
    %fork TD_tb_Dh_cal.run_one_dh_calculation, S_0x5635d3c474a0;
    %join;
    %vpi_call 2 73 "$display", "\012--- Test Sequence Finished ---" {0 0 0};
    %vpi_call 2 74 "$finish" {0 0 0};
    %end;
    .thread T_9;
# The file index is used to find the file name in the following table.
:file_names 5;
    "N/A";
    "<interactive>";
    "tb_Dh_cal.sv";
    "Dh_cal.v";
    "qmult.v";
